Determining if the pthread_create exist failed with the following output:
Change Dir: /home/schoko/git/learningCpp/build/CMakeFiles/CMakeTmp

Run Build Command:"/usr/bin/make" "cmTryCompileExec1612633758/fast"
/usr/bin/make -f CMakeFiles/cmTryCompileExec1612633758.dir/build.make CMakeFiles/cmTryCompileExec1612633758.dir/build
make[1]: Entering directory '/home/schoko/git/learningCpp/build/CMakeFiles/CMakeTmp'
/usr/bin/cmake -E cmake_progress_report /home/schoko/git/learningCpp/build/CMakeFiles/CMakeTmp/CMakeFiles 1
Building C object CMakeFiles/cmTryCompileExec1612633758.dir/CheckSymbolExists.c.o
/usr/bin/cc    -o CMakeFiles/cmTryCompileExec1612633758.dir/CheckSymbolExists.c.o   -c /home/schoko/git/learningCpp/build/CMakeFiles/CMakeTmp/CheckSymbolExists.c
Linking C executable cmTryCompileExec1612633758
/usr/bin/cmake -E cmake_link_script CMakeFiles/cmTryCompileExec1612633758.dir/link.txt --verbose=1
/usr/bin/cc      CMakeFiles/cmTryCompileExec1612633758.dir/CheckSymbolExists.c.o  -o cmTryCompileExec1612633758 -rdynamic 
CMakeFiles/cmTryCompileExec1612633758.dir/CheckSymbolExists.c.o: In function `main':
CheckSymbolExists.c:(.text+0x16): undefined reference to `pthread_create'
collect2: error: ld returned 1 exit status
CMakeFiles/cmTryCompileExec1612633758.dir/build.make:88: recipe for target 'cmTryCompileExec1612633758' failed
make[1]: Leaving directory '/home/schoko/git/learningCpp/build/CMakeFiles/CMakeTmp'
make[1]: *** [cmTryCompileExec1612633758] Error 1
Makefile:118: recipe for target 'cmTryCompileExec1612633758/fast' failed
make: *** [cmTryCompileExec1612633758/fast] Error 2

File /home/schoko/git/learningCpp/build/CMakeFiles/CMakeTmp/CheckSymbolExists.c:
/* */
#include <pthread.h>

int main(int argc, char** argv)
{
  (void)argv;
#ifndef pthread_create
  return ((int*)(&pthread_create))[argc];
#else
  (void)argc;
  return 0;
#endif
}

Determining if the function pthread_create exists in the pthreads failed with the following output:
Change Dir: /home/schoko/git/learningCpp/build/CMakeFiles/CMakeTmp

Run Build Command:"/usr/bin/make" "cmTryCompileExec1007458348/fast"
/usr/bin/make -f CMakeFiles/cmTryCompileExec1007458348.dir/build.make CMakeFiles/cmTryCompileExec1007458348.dir/build
make[1]: Entering directory '/home/schoko/git/learningCpp/build/CMakeFiles/CMakeTmp'
/usr/bin/cmake -E cmake_progress_report /home/schoko/git/learningCpp/build/CMakeFiles/CMakeTmp/CMakeFiles 1
Building C object CMakeFiles/cmTryCompileExec1007458348.dir/CheckFunctionExists.c.o
/usr/bin/cc   -DCHECK_FUNCTION_EXISTS=pthread_create   -o CMakeFiles/cmTryCompileExec1007458348.dir/CheckFunctionExists.c.o   -c /usr/share/cmake-3.1/Modules/CheckFunctionExists.c
Linking C executable cmTryCompileExec1007458348
/usr/bin/cmake -E cmake_link_script CMakeFiles/cmTryCompileExec1007458348.dir/link.txt --verbose=1
/usr/bin/cc   -DCHECK_FUNCTION_EXISTS=pthread_create   CMakeFiles/cmTryCompileExec1007458348.dir/CheckFunctionExists.c.o  -o cmTryCompileExec1007458348 -rdynamic -lpthreads 
/usr/bin/ld: cannot find -lpthreads
collect2: error: ld returned 1 exit status
CMakeFiles/cmTryCompileExec1007458348.dir/build.make:88: recipe for target 'cmTryCompileExec1007458348' failed
make[1]: *** [cmTryCompileExec1007458348] Error 1
make[1]: Leaving directory '/home/schoko/git/learningCpp/build/CMakeFiles/CMakeTmp'
Makefile:118: recipe for target 'cmTryCompileExec1007458348/fast' failed
make: *** [cmTryCompileExec1007458348/fast] Error 2


